0 info it worked if it ends with ok
1 verbose cli [
1 verbose cli   '/home/paulo/.nvm/versions/node/v12.18.1/bin/node',
1 verbose cli   '/home/paulo/.nvm/versions/node/v12.18.1/bin/npm',
1 verbose cli   'publish',
1 verbose cli   '--access',
1 verbose cli   'public',
1 verbose cli   '-no-cache'
1 verbose cli ]
2 info using npm@6.14.5
3 info using node@v12.18.1
4 verbose npm-session 111c36c0675f8d09
5 verbose publish [ '.' ]
6 info lifecycle ean13@1.0.0~prepublish: ean13@1.0.0
7 info lifecycle ean13@1.0.0~prepare: ean13@1.0.0
8 info lifecycle ean13@1.0.0~prepublishOnly: ean13@1.0.0
9 info lifecycle ean13@1.0.0~prepack: ean13@1.0.0
10 info lifecycle ean13@1.0.0~postpack: ean13@1.0.0
11 notice
12 notice 📦  ean13@1.0.0
13 notice === Tarball Contents ===
14 notice 6.3kB ean13.js
14 notice 51B   index.js
14 notice 278B  package.json
14 notice 453B  README.md
15 notice === Tarball Details ===
16 notice name:          ean13
16 notice version:       1.0.0
16 notice package size:  2.6 kB
16 notice unpacked size: 7.0 kB
16 notice shasum:        4f75cd7d9321a6ac91c6274f0829a55b5305f1d4
16 notice integrity:     sha512-7GHpl+lL0HLwS[...]x1Y6GuBVed9Ew==
16 notice total files:   4
17 notice
18 http fetch PUT 404 https://registry.npmjs.org/ean13 882ms
19 verbose stack Error: 404 Not Found - PUT https://registry.npmjs.org/ean13 - Not found
19 verbose stack     at /home/paulo/.nvm/versions/node/v12.18.1/lib/node_modules/npm/node_modules/npm-registry-fetch/check-response.js:104:15
19 verbose stack     at processTicksAndRejections (internal/process/task_queues.js:97:5)
20 verbose statusCode 404
21 verbose pkgid ean13@1.0.0
22 verbose cwd /home/paulo/Desktop/ean13
23 verbose Linux 5.4.0-52-generic
24 verbose argv "/home/paulo/.nvm/versions/node/v12.18.1/bin/node" "/home/paulo/.nvm/versions/node/v12.18.1/bin/npm" "publish" "--access" "public" "-no-cache"
25 verbose node v12.18.1
26 verbose npm  v6.14.5
27 error code E404
28 error 404 Not Found - PUT https://registry.npmjs.org/ean13 - Not found
29 error 404
30 error 404 'ean13@1.0.0' is not in the npm registry.
31 error 404 You should bug the author to publish it (or use the name yourself!)
32 error 404 Note that you can also install from a
33 error 404 tarball, folder, http url, or git url.
34 verbose exit [ 1, true ]
